c:\iwareprojects\02 sewer optimization\source code calculation engine\swmm51011_engine\source5_1_011\vc2010_dll\release\vc140.pdb
c:\iwareprojects\02 sewer optimization\source code calculation engine\swmm51011_engine\source5_1_011\vc2010_dll\release\inputrpt.obj
c:\iwareprojects\02 sewer optimization\source code calculation engine\swmm51011_engine\source5_1_011\vc2010_dll\release\input.obj
c:\iwareprojects\02 sewer optimization\source code calculation engine\swmm51011_engine\source5_1_011\vc2010_dll\release\inflow.obj
c:\iwareprojects\02 sewer optimization\source code calculation engine\swmm51011_engine\source5_1_011\vc2010_dll\release\infil.obj
c:\iwareprojects\02 sewer optimization\source code calculation engine\swmm51011_engine\source5_1_011\vc2010_dll\release\iface.obj
c:\iwareprojects\02 sewer optimization\source code calculation engine\swmm51011_engine\source5_1_011\vc2010_dll\release\hotstart.obj
c:\iwareprojects\02 sewer optimization\source code calculation engine\swmm51011_engine\source5_1_011\vc2010_dll\release\hash.obj
c:\iwareprojects\02 sewer optimization\source code calculation engine\swmm51011_engine\source5_1_011\vc2010_dll\release\gwater.obj
c:\iwareprojects\02 sewer optimization\source code calculation engine\swmm51011_engine\source5_1_011\vc2010_dll\release\gage.obj
c:\iwareprojects\02 sewer optimization\source code calculation engine\swmm51011_engine\source5_1_011\vc2010_dll\release\forcmain.obj
c:\iwareprojects\02 sewer optimization\source code calculation engine\swmm51011_engine\source5_1_011\vc2010_dll\release\flowrout.obj
c:\iwareprojects\02 sewer optimization\source code calculation engine\swmm51011_engine\source5_1_011\vc2010_dll\release\findroot.obj
c:\iwareprojects\02 sewer optimization\source code calculation engine\swmm51011_engine\source5_1_011\vc2010_dll\release\exfil.obj
c:\iwareprojects\02 sewer optimization\source code calculation engine\swmm51011_engine\source5_1_011\vc2010_dll\release\error.obj
c:\iwareprojects\02 sewer optimization\source code calculation engine\swmm51011_engine\source5_1_011\vc2010_dll\release\dynwave.obj
c:\iwareprojects\02 sewer optimization\source code calculation engine\swmm51011_engine\source5_1_011\vc2010_dll\release\dwflow.obj
c:\iwareprojects\02 sewer optimization\source code calculation engine\swmm51011_engine\source5_1_011\vc2010_dll\release\datetime.obj
c:\iwareprojects\02 sewer optimization\source code calculation engine\swmm51011_engine\source5_1_011\vc2010_dll\release\culvert.obj
c:\iwareprojects\02 sewer optimization\source code calculation engine\swmm51011_engine\source5_1_011\vc2010_dll\release\controls.obj
c:\iwareprojects\02 sewer optimization\source code calculation engine\swmm51011_engine\source5_1_011\vc2010_dll\release\climate.obj
c:\iwareprojects\02 sewer optimization\source code calculation engine\swmm51011_engine\source5_1_011\vc2010_dll\release\runoff.obj
c:\iwareprojects\02 sewer optimization\source code calculation engine\swmm51011_engine\source5_1_011\vc2010_dll\release\routing.obj
c:\iwareprojects\02 sewer optimization\source code calculation engine\swmm51011_engine\source5_1_011\vc2010_dll\release\roadway.obj
c:\iwareprojects\02 sewer optimization\source code calculation engine\swmm51011_engine\source5_1_011\vc2010_dll\release\report.obj
c:\iwareprojects\02 sewer optimization\source code calculation engine\swmm51011_engine\source5_1_011\vc2010_dll\release\rdii.obj
c:\iwareprojects\02 sewer optimization\source code calculation engine\swmm51011_engine\source5_1_011\vc2010_dll\release\rain.obj
c:\iwareprojects\02 sewer optimization\source code calculation engine\swmm51011_engine\source5_1_011\vc2010_dll\release\qualrout.obj
c:\iwareprojects\02 sewer optimization\source code calculation engine\swmm51011_engine\source5_1_011\vc2010_dll\release\project.obj
c:\iwareprojects\02 sewer optimization\source code calculation engine\swmm51011_engine\source5_1_011\vc2010_dll\release\output.obj
c:\iwareprojects\02 sewer optimization\source code calculation engine\swmm51011_engine\source5_1_011\vc2010_dll\release\odesolve.obj
c:\iwareprojects\02 sewer optimization\source code calculation engine\swmm51011_engine\source5_1_011\vc2010_dll\release\node.obj
c:\iwareprojects\02 sewer optimization\source code calculation engine\swmm51011_engine\source5_1_011\vc2010_dll\release\mempool.obj
c:\iwareprojects\02 sewer optimization\source code calculation engine\swmm51011_engine\source5_1_011\vc2010_dll\release\mathexpr.obj
c:\iwareprojects\02 sewer optimization\source code calculation engine\swmm51011_engine\source5_1_011\vc2010_dll\release\massbal.obj
c:\iwareprojects\02 sewer optimization\source code calculation engine\swmm51011_engine\source5_1_011\vc2010_dll\release\link.obj
c:\iwareprojects\02 sewer optimization\source code calculation engine\swmm51011_engine\source5_1_011\vc2010_dll\release\lidproc.obj
c:\iwareprojects\02 sewer optimization\source code calculation engine\swmm51011_engine\source5_1_011\vc2010_dll\release\lid.obj
c:\iwareprojects\02 sewer optimization\source code calculation engine\swmm51011_engine\source5_1_011\vc2010_dll\release\landuse.obj
c:\iwareprojects\02 sewer optimization\source code calculation engine\swmm51011_engine\source5_1_011\vc2010_dll\release\kinwave.obj
c:\iwareprojects\02 sewer optimization\source code calculation engine\swmm51011_engine\source5_1_011\vc2010_dll\release\keywords.obj
c:\iwareprojects\02 sewer optimization\source code calculation engine\swmm51011_engine\source5_1_011\vc2010_dll\release\xsect.obj
c:\iwareprojects\02 sewer optimization\source code calculation engine\swmm51011_engine\source5_1_011\vc2010_dll\release\treatmnt.obj
c:\iwareprojects\02 sewer optimization\source code calculation engine\swmm51011_engine\source5_1_011\vc2010_dll\release\transect.obj
c:\iwareprojects\02 sewer optimization\source code calculation engine\swmm51011_engine\source5_1_011\vc2010_dll\release\toposort.obj
c:\iwareprojects\02 sewer optimization\source code calculation engine\swmm51011_engine\source5_1_011\vc2010_dll\release\table.obj
c:\iwareprojects\02 sewer optimization\source code calculation engine\swmm51011_engine\source5_1_011\vc2010_dll\release\swmm5.obj
c:\iwareprojects\02 sewer optimization\source code calculation engine\swmm51011_engine\source5_1_011\vc2010_dll\release\surfqual.obj
c:\iwareprojects\02 sewer optimization\source code calculation engine\swmm51011_engine\source5_1_011\vc2010_dll\release\subcatch.obj
c:\iwareprojects\02 sewer optimization\source code calculation engine\swmm51011_engine\source5_1_011\vc2010_dll\release\statsrpt.obj
c:\iwareprojects\02 sewer optimization\source code calculation engine\swmm51011_engine\source5_1_011\vc2010_dll\release\stats.obj
c:\iwareprojects\02 sewer optimization\source code calculation engine\swmm51011_engine\source5_1_011\vc2010_dll\release\snow.obj
c:\iwareprojects\02 sewer optimization\source code calculation engine\swmm51011_engine\source5_1_011\vc2010_dll\release\shape.obj
c:\iwareprojects\02 sewer optimization\source code calculation engine\swmm51011_engine\source5_1_011\vc2010_dll\release\swmm5.dll
c:\iwareprojects\02 sewer optimization\source code calculation engine\swmm51011_engine\source5_1_011\vc2010_dll\release\swmm5.ipdb
c:\iwareprojects\02 sewer optimization\source code calculation engine\swmm51011_engine\source5_1_011\vc2010_dll\release\swmm5.iobj
c:\iwareprojects\02 sewer optimization\source code calculation engine\swmm51011_engine\source5_1_011\vc2010_dll\release\swmm5.pdb
c:\iwareprojects\02 sewer optimization\source code calculation engine\swmm51011_engine\source5_1_011\vc2010_dll\release\swmm5.lib
c:\iwareprojects\02 sewer optimization\source code calculation engine\swmm51011_engine\source5_1_011\vc2010_dll\release\swmm5.exp
c:\iwaregithubii\swmm5\src\vc2010_dll\release\climate.obj
c:\iwaregithubii\swmm5\src\vc2010_dll\release\controls.obj
c:\iwaregithubii\swmm5\src\vc2010_dll\release\culvert.obj
c:\iwaregithubii\swmm5\src\vc2010_dll\release\datetime.obj
c:\iwaregithubii\swmm5\src\vc2010_dll\release\dwflow.obj
c:\iwaregithubii\swmm5\src\vc2010_dll\release\dynwave.obj
c:\iwaregithubii\swmm5\src\vc2010_dll\release\error.obj
c:\iwaregithubii\swmm5\src\vc2010_dll\release\exfil.obj
c:\iwaregithubii\swmm5\src\vc2010_dll\release\findroot.obj
c:\iwaregithubii\swmm5\src\vc2010_dll\release\flowrout.obj
c:\iwaregithubii\swmm5\src\vc2010_dll\release\forcmain.obj
c:\iwaregithubii\swmm5\src\vc2010_dll\release\gage.obj
c:\iwaregithubii\swmm5\src\vc2010_dll\release\gwater.obj
c:\iwaregithubii\swmm5\src\vc2010_dll\release\hash.obj
c:\iwaregithubii\swmm5\src\vc2010_dll\release\hotstart.obj
c:\iwaregithubii\swmm5\src\vc2010_dll\release\iface.obj
c:\iwaregithubii\swmm5\src\vc2010_dll\release\infil.obj
c:\iwaregithubii\swmm5\src\vc2010_dll\release\inflow.obj
c:\iwaregithubii\swmm5\src\vc2010_dll\release\input.obj
c:\iwaregithubii\swmm5\src\vc2010_dll\release\inputrpt.obj
c:\iwaregithubii\swmm5\src\vc2010_dll\release\keywords.obj
c:\iwaregithubii\swmm5\src\vc2010_dll\release\kinwave.obj
c:\iwaregithubii\swmm5\src\vc2010_dll\release\landuse.obj
c:\iwaregithubii\swmm5\src\vc2010_dll\release\lid.obj
c:\iwaregithubii\swmm5\src\vc2010_dll\release\lidproc.obj
c:\iwaregithubii\swmm5\src\vc2010_dll\release\link.obj
c:\iwaregithubii\swmm5\src\vc2010_dll\release\massbal.obj
c:\iwaregithubii\swmm5\src\vc2010_dll\release\mathexpr.obj
c:\iwaregithubii\swmm5\src\vc2010_dll\release\mempool.obj
c:\iwaregithubii\swmm5\src\vc2010_dll\release\node.obj
c:\iwaregithubii\swmm5\src\vc2010_dll\release\odesolve.obj
c:\iwaregithubii\swmm5\src\vc2010_dll\release\output.obj
c:\iwaregithubii\swmm5\src\vc2010_dll\release\project.obj
c:\iwaregithubii\swmm5\src\vc2010_dll\release\qualrout.obj
c:\iwaregithubii\swmm5\src\vc2010_dll\release\rain.obj
c:\iwaregithubii\swmm5\src\vc2010_dll\release\rdii.obj
c:\iwaregithubii\swmm5\src\vc2010_dll\release\report.obj
c:\iwaregithubii\swmm5\src\vc2010_dll\release\roadway.obj
c:\iwaregithubii\swmm5\src\vc2010_dll\release\routing.obj
c:\iwaregithubii\swmm5\src\vc2010_dll\release\runoff.obj
c:\iwaregithubii\swmm5\src\vc2010_dll\release\shape.obj
c:\iwaregithubii\swmm5\src\vc2010_dll\release\snow.obj
c:\iwaregithubii\swmm5\src\vc2010_dll\release\stats.obj
c:\iwaregithubii\swmm5\src\vc2010_dll\release\statsrpt.obj
c:\iwaregithubii\swmm5\src\vc2010_dll\release\subcatch.obj
c:\iwaregithubii\swmm5\src\vc2010_dll\release\surfqual.obj
c:\iwaregithubii\swmm5\src\vc2010_dll\release\swmm5.obj
c:\iwaregithubii\swmm5\src\vc2010_dll\release\table.obj
c:\iwaregithubii\swmm5\src\vc2010_dll\release\toolkitapi.obj
c:\iwaregithubii\swmm5\src\vc2010_dll\release\toposort.obj
c:\iwaregithubii\swmm5\src\vc2010_dll\release\transect.obj
c:\iwaregithubii\swmm5\src\vc2010_dll\release\treatmnt.obj
c:\iwaregithubii\swmm5\src\vc2010_dll\release\xsect.obj
c:\iwaregithubii\swmm5\src\vc2010_dll\release\swmm5.exp
c:\iwaregithubii\swmm5\src\vc2010_dll\release\vc140.pdb
c:\iwaregithubii\swmm5\src\vc2010_dll\release\vc2010-dll.tlog\cl.command.1.tlog
c:\iwaregithubii\swmm5\src\vc2010_dll\release\vc2010-dll.tlog\cl.read.1.tlog
c:\iwaregithubii\swmm5\src\vc2010_dll\release\vc2010-dll.tlog\cl.write.1.tlog
c:\iwaregithubii\swmm5\src\vc2010_dll\release\vc2010-dll.tlog\link.command.1.tlog
c:\iwaregithubii\swmm5\src\vc2010_dll\release\vc2010-dll.tlog\link.read.1.tlog
c:\iwaregithubii\swmm5\src\vc2010_dll\release\vc2010-dll.tlog\link.write.1.tlog
c:\iwaregithubii\swmm5\src\vc2010_dll\release\vc2010-dll.tlog\vc2010-dll.write.1u.tlog
