c:\iwaregithub\swmmtoolkit\swmmsource\vc2010_dll\debug\vc140.pdb
c:\iwaregithub\swmmtoolkit\swmmsource\vc2010_dll\debug\inputrpt.obj
c:\iwaregithub\swmmtoolkit\swmmsource\vc2010_dll\debug\input.obj
c:\iwaregithub\swmmtoolkit\swmmsource\vc2010_dll\debug\inflow.obj
c:\iwaregithub\swmmtoolkit\swmmsource\vc2010_dll\debug\infil.obj
c:\iwaregithub\swmmtoolkit\swmmsource\vc2010_dll\debug\iface.obj
c:\iwaregithub\swmmtoolkit\swmmsource\vc2010_dll\debug\hotstart.obj
c:\iwaregithub\swmmtoolkit\swmmsource\vc2010_dll\debug\hash.obj
c:\iwaregithub\swmmtoolkit\swmmsource\vc2010_dll\debug\gwater.obj
c:\iwaregithub\swmmtoolkit\swmmsource\vc2010_dll\debug\gage.obj
c:\iwaregithub\swmmtoolkit\swmmsource\vc2010_dll\debug\forcmain.obj
c:\iwaregithub\swmmtoolkit\swmmsource\vc2010_dll\debug\flowrout.obj
c:\iwaregithub\swmmtoolkit\swmmsource\vc2010_dll\debug\findroot.obj
c:\iwaregithub\swmmtoolkit\swmmsource\vc2010_dll\debug\exfil.obj
c:\iwaregithub\swmmtoolkit\swmmsource\vc2010_dll\debug\error.obj
c:\iwaregithub\swmmtoolkit\swmmsource\vc2010_dll\debug\dynwave.obj
c:\iwaregithub\swmmtoolkit\swmmsource\vc2010_dll\debug\dwflow.obj
c:\iwaregithub\swmmtoolkit\swmmsource\vc2010_dll\debug\datetime.obj
c:\iwaregithub\swmmtoolkit\swmmsource\vc2010_dll\debug\culvert.obj
c:\iwaregithub\swmmtoolkit\swmmsource\vc2010_dll\debug\controls.obj
c:\iwaregithub\swmmtoolkit\swmmsource\vc2010_dll\debug\climate.obj
c:\iwaregithub\swmmtoolkit\swmmsource\vc2010_dll\debug\runoff.obj
c:\iwaregithub\swmmtoolkit\swmmsource\vc2010_dll\debug\routing.obj
c:\iwaregithub\swmmtoolkit\swmmsource\vc2010_dll\debug\roadway.obj
c:\iwaregithub\swmmtoolkit\swmmsource\vc2010_dll\debug\report.obj
c:\iwaregithub\swmmtoolkit\swmmsource\vc2010_dll\debug\rdii.obj
c:\iwaregithub\swmmtoolkit\swmmsource\vc2010_dll\debug\rain.obj
c:\iwaregithub\swmmtoolkit\swmmsource\vc2010_dll\debug\qualrout.obj
c:\iwaregithub\swmmtoolkit\swmmsource\vc2010_dll\debug\project.obj
c:\iwaregithub\swmmtoolkit\swmmsource\vc2010_dll\debug\output.obj
c:\iwaregithub\swmmtoolkit\swmmsource\vc2010_dll\debug\odesolve.obj
c:\iwaregithub\swmmtoolkit\swmmsource\vc2010_dll\debug\node.obj
c:\iwaregithub\swmmtoolkit\swmmsource\vc2010_dll\debug\mempool.obj
c:\iwaregithub\swmmtoolkit\swmmsource\vc2010_dll\debug\mathexpr.obj
c:\iwaregithub\swmmtoolkit\swmmsource\vc2010_dll\debug\massbal.obj
c:\iwaregithub\swmmtoolkit\swmmsource\vc2010_dll\debug\link.obj
c:\iwaregithub\swmmtoolkit\swmmsource\vc2010_dll\debug\lidproc.obj
c:\iwaregithub\swmmtoolkit\swmmsource\vc2010_dll\debug\lid.obj
c:\iwaregithub\swmmtoolkit\swmmsource\vc2010_dll\debug\landuse.obj
c:\iwaregithub\swmmtoolkit\swmmsource\vc2010_dll\debug\kinwave.obj
c:\iwaregithub\swmmtoolkit\swmmsource\vc2010_dll\debug\keywords.obj
c:\iwaregithub\swmmtoolkit\swmmsource\vc2010_dll\debug\xsect.obj
c:\iwaregithub\swmmtoolkit\swmmsource\vc2010_dll\debug\treatmnt.obj
c:\iwaregithub\swmmtoolkit\swmmsource\vc2010_dll\debug\transect.obj
c:\iwaregithub\swmmtoolkit\swmmsource\vc2010_dll\debug\toposort.obj
c:\iwaregithub\swmmtoolkit\swmmsource\vc2010_dll\debug\table.obj
c:\iwaregithub\swmmtoolkit\swmmsource\vc2010_dll\debug\swmm5.obj
c:\iwaregithub\swmmtoolkit\swmmsource\vc2010_dll\debug\surfqual.obj
c:\iwaregithub\swmmtoolkit\swmmsource\vc2010_dll\debug\subcatch.obj
c:\iwaregithub\swmmtoolkit\swmmsource\vc2010_dll\debug\statsrpt.obj
c:\iwaregithub\swmmtoolkit\swmmsource\vc2010_dll\debug\stats.obj
c:\iwaregithub\swmmtoolkit\swmmsource\vc2010_dll\debug\snow.obj
c:\iwaregithub\swmmtoolkit\swmmsource\vc2010_dll\debug\shape.obj
c:\iwaregithub\swmmtoolkit\debug\vc2010-dll.ilk
c:\iwaregithub\swmmtoolkit\debug\vc2010-dll.dll
c:\iwaregithub\swmmtoolkit\debug\vc2010-dll.pdb
c:\iwaregithub\swmmtoolkit\debug\vc2010-dll.lib
c:\iwaregithub\swmmtoolkit\debug\vc2010-dll.exp
c:\iwaregithub\swmmtoolkit\swmmsource\vc2010_dll\debug\vc2010-dll.tlog\cl.command.1.tlog
c:\iwaregithub\swmmtoolkit\swmmsource\vc2010_dll\debug\vc2010-dll.tlog\cl.read.1.tlog
c:\iwaregithub\swmmtoolkit\swmmsource\vc2010_dll\debug\vc2010-dll.tlog\cl.write.1.tlog
c:\iwaregithub\swmmtoolkit\swmmsource\vc2010_dll\debug\vc2010-dll.tlog\link.command.1.tlog
c:\iwaregithub\swmmtoolkit\swmmsource\vc2010_dll\debug\vc2010-dll.tlog\link.read.1.tlog
c:\iwaregithub\swmmtoolkit\swmmsource\vc2010_dll\debug\vc2010-dll.tlog\link.write.1.tlog
c:\iwaregithub\swmmtoolkit\swmmsource\vc2010_dll\debug\vc2010-dll.tlog\vc2010-dll.write.1u.tlog
